[2026-03-30 12:07:29] PAYMENT_CREATE: Payment #4 created by anton1999@gmail.com amount 450.21
[2026-03-30 20:20:37] FILE_UPLOADED: Avatar uploaded
[2026-03-30 20:21:13] FILE_UPLOADED: Avatar uploaded
[2026-03-30 20:22:49] FILE_UPLOADED: Avatar uploaded
[2026-03-30 23:14:16] LOGIN_ATTEMPT: Email: anton1999@gmail.com
[2026-03-30 23:14:16] LOGIN_SUCCESS: Email: anton1999@gmail.com
[2026-03-30 23:14:39] LOGIN_ATTEMPT: Email: anton1999@gmail.com
[2026-03-30 23:14:39] LOGIN_SUCCESS: Email: anton1999@gmail.com
[2026-03-30 23:14:43] LOGIN_ATTEMPT: Email: anton1999@gmail.com
[2026-03-30 23:14:43] LOGIN_SUCCESS: Email: anton1999@gmail.com
[2026-03-30 23:25:06] LOGIN_ATTEMPT: Email: anton1999@gmail.com
[2026-03-30 23:25:07] LOGIN_SUCCESS: Email: anton1999@gmail.com
[2026-03-30 23:27:15] LOGIN_ATTEMPT: Email: anton1999@gmail.com
[2026-03-30 23:27:15] LOGIN_SUCCESS: Email: anton1999@gmail.com
[2026-03-30 23:29:13] LOGIN_ATTEMPT: Email: anton1999@gmail.com
[2026-03-30 23:29:14] LOGIN_SUCCESS: Email: anton1999@gmail.com
[2026-03-30 23:29:18] LOGIN_ATTEMPT: Email: anton1999@gmail.com
[2026-03-30 23:29:18] LOGIN_SUCCESS: Email: anton1999@gmail.com
[2026-03-30 23:29:23] LOGIN_ATTEMPT: Email: anton1999@gmail.com
[2026-03-30 23:29:24] LOGIN_SUCCESS: Email: anton1999@gmail.com
[2026-03-30 23:30:14] LOGIN_ATTEMPT: Email: anton1999@gmail.com
[2026-03-30 23:30:14] LOGIN_SUCCESS: Email: anton1999@gmail.com
[2026-03-30 23:37:02] LOGIN_ATTEMPT: Email: anton1999@gmail.com
[2026-03-30 23:37:02] LOGIN_SUCCESS: Email: anton1999@gmail.com
[2026-03-30 23:37:07] LOGIN_ATTEMPT: Email: anton1999@gmail.com
[2026-03-30 23:37:07] LOGIN_SUCCESS: Email: anton1999@gmail.com
[2026-03-30 23:37:14] LOGIN_ATTEMPT: Email: anton1999@gmail.com
[2026-03-30 23:37:15] LOGIN_SUCCESS: Email: anton1999@gmail.com
[2026-03-30 23:50:33] LOGIN_ATTEMPT: Email: anton1999@gmail.com
[2026-03-30 23:50:34] LOGIN_SUCCESS: Email: anton1999@gmail.com
[2026-03-30 23:51:42] LOGIN_ATTEMPT: Email: anton1999@gmail.com
[2026-03-30 23:51:42] LOGIN_SUCCESS: Email: anton1999@gmail.com
[2026-03-31 00:01:55] TEST: Valid registration tested
[2026-03-31 00:02:24] TEST: Valid registration tested
[2026-03-31 00:02:38] TEST: Valid registration tested
[2026-03-31 00:02:40] TEST: Valid registration tested
[2026-03-31 00:03:13] TEST: Valid registration tested
[2026-03-31 00:04:59] TEST: Valid registration tested
[2026-03-31 00:04:59] TEST: Valid registration tested
[2026-03-31 00:04:59] TEST: Valid registration tested
[2026-03-31 00:05:28] TEST: Valid registration tested
[2026-03-31 00:05:28] TEST: Valid registration tested
[2026-03-31 00:05:28] TEST: Valid registration tested
[2026-03-31 00:05:36] TEST: Valid registration tested
[2026-03-31 00:05:36] TEST: Valid registration tested
[2026-03-31 00:05:36] TEST: Valid registration tested
[2026-03-31 00:06:29] TEST: Valid registration tested
[2026-03-31 00:06:29] TEST: Valid registration tested
[2026-03-31 00:07:18] TEST: Valid registration tested
[2026-03-31 00:07:18] TEST: Valid registration tested
[2026-03-31 00:07:30] TEST: Valid registration tested
[2026-03-31 00:07:30] TEST: Valid registration tested
[2026-03-31 00:07:30] TEST: Valid registration tested
[2026-03-31 00:09:12] TEST: Valid registration tested
[2026-03-31 00:09:12] TEST: Valid registration tested
[2026-03-31 00:09:26] TEST: Valid registration tested
[2026-03-31 00:09:26] TEST: Valid registration tested
[2026-03-31 00:09:30] TEST: Valid registration tested
[2026-03-31 00:09:30] TEST: Valid registration tested
[2026-03-31 00:09:38] TEST: Valid registration tested
[2026-03-31 00:09:38] TEST: Valid registration tested
[2026-03-31 00:10:43] TEST: Valid registration tested
[2026-03-31 00:10:43] TEST: Valid registration tested
[2026-03-31 00:10:46] TEST: Valid registration tested
[2026-03-31 00:10:46] TEST: Valid registration tested
[2026-03-31 00:10:46] TEST: Valid registration tested
[2026-03-31 00:10:46] TEST: Valid registration tested
[2026-03-31 00:11:26] TEST: Valid registration tested
[2026-03-31 00:11:26] TEST: Valid registration tested
[2026-03-31 00:11:26] TEST: Login session tested
[2026-03-31 00:11:34] TEST: Valid registration tested
[2026-03-31 00:11:34] TEST: Valid registration tested
[2026-03-31 00:11:34] TEST: Login session tested
[2026-03-31 00:11:34] TEST: Valid registration tested
[2026-03-31 00:11:34] TEST: Valid registration tested
[2026-03-31 00:11:34] TEST: Login session tested
[2026-03-31 00:11:57] TEST: Valid registration tested
[2026-03-31 00:11:57] TEST: Valid registration tested
[2026-03-31 00:11:57] TEST: Login session tested
[2026-03-31 00:11:57] TEST: Login session tested
[2026-03-31 00:12:33] TEST: Valid registration tested
[2026-03-31 00:12:33] TEST: Valid registration tested
[2026-03-31 00:12:33] TEST: Login session tested
[2026-03-31 00:12:33] TEST: Logout tested
[2026-03-31 00:12:33] TEST: Login session tested
[2026-03-31 00:12:36] TEST: Valid registration tested
[2026-03-31 00:12:36] TEST: Valid registration tested
[2026-03-31 00:12:36] TEST: Login session tested
[2026-03-31 00:12:36] TEST: Logout tested
[2026-03-31 00:12:36] TEST: Login session tested
[2026-03-31 00:12:41] TEST: Valid registration tested
[2026-03-31 00:12:41] TEST: Valid registration tested
[2026-03-31 00:12:41] TEST: Login session tested
[2026-03-31 00:12:41] TEST: Logout tested
[2026-03-31 00:12:43] TEST: Valid registration tested
[2026-03-31 00:12:43] TEST: Valid registration tested
[2026-03-31 00:12:43] TEST: Login session tested
[2026-03-31 00:12:43] TEST: Logout tested
[2026-03-31 00:12:43] TEST: Valid registration tested
[2026-03-31 00:12:43] TEST: Valid registration tested
[2026-03-31 00:12:43] TEST: Login session tested
[2026-03-31 00:12:43] TEST: Logout tested
[2026-03-31 00:15:35] TEST: Valid registration tested
[2026-03-31 00:15:35] TEST: Valid registration tested
[2026-03-31 00:15:35] TEST: Login session tested
[2026-03-31 00:15:35] TEST: Logout tested
[2026-03-31 00:15:35] TEST: Cookies tested
[2026-03-31 00:15:54] TEST: Valid registration tested
[2026-03-31 00:15:54] TEST: Valid registration tested
[2026-03-31 00:15:54] TEST: Login session tested
[2026-03-31 00:15:54] TEST: Logout tested
[2026-03-31 00:15:54] TEST: Cookies tested
[2026-03-31 00:16:09] TEST: Valid registration tested
[2026-03-31 00:16:09] TEST: Valid registration tested
[2026-03-31 00:16:09] TEST: Login session tested
[2026-03-31 00:16:09] TEST: Logout tested
[2026-03-31 00:16:09] TEST: Cookies tested
[2026-03-31 00:16:13] TEST: Valid registration tested
[2026-03-31 00:16:13] TEST: Valid registration tested
[2026-03-31 00:16:13] TEST: Login session tested
[2026-03-31 00:16:13] TEST: Logout tested
[2026-03-31 00:16:13] TEST: Cookies tested
[2026-03-31 00:16:15] TEST: Valid registration tested
[2026-03-31 00:16:15] TEST: Valid registration tested
[2026-03-31 00:16:15] TEST: Login session tested
[2026-03-31 00:16:15] TEST: Logout tested
[2026-03-31 00:16:15] TEST: Cookies tested
[2026-03-31 00:16:15] TEST: Valid registration tested
[2026-03-31 00:16:15] TEST: Valid registration tested
[2026-03-31 00:16:15] TEST: Login session tested
[2026-03-31 00:16:15] TEST: Logout tested
[2026-03-31 00:16:15] TEST: Cookies tested
[2026-03-31 00:16:45] TEST: Valid registration tested
[2026-03-31 00:16:45] TEST: Valid registration tested
[2026-03-31 00:16:45] TEST: Login session tested
[2026-03-31 00:16:45] TEST: Logout tested
[2026-03-31 00:16:45] TEST: Cookies tested
[2026-03-31 00:17:04] TEST: Valid registration tested
[2026-03-31 00:17:04] TEST: Valid registration tested
[2026-03-31 00:17:04] TEST: Login session tested
[2026-03-31 00:17:04] TEST: Logout tested
[2026-03-31 00:17:04] TEST: Cookies tested
[2026-03-31 00:17:04] TEST: Valid registration tested
[2026-03-31 00:17:04] TEST: Valid registration tested
[2026-03-31 00:17:04] TEST: Login session tested
[2026-03-31 00:17:04] TEST: Logout tested
[2026-03-31 00:17:04] TEST: Cookies tested
[2026-03-31 00:17:25] TEST: Valid registration tested
[2026-03-31 00:17:25] TEST: Valid registration tested
[2026-03-31 00:17:25] TEST: Login session tested
[2026-03-31 00:17:25] TEST: Logout tested
[2026-03-31 00:17:25] TEST: Cookies tested
[2026-03-31 00:19:57] TEST: Valid registration tested
[2026-03-31 00:19:57] TEST: Valid registration tested
[2026-03-31 00:19:57] TEST: Login session tested
[2026-03-31 00:19:57] TEST: Logout tested
[2026-03-31 00:19:57] TEST: Cookies tested
[2026-03-31 00:20:01] TEST: Valid registration tested
[2026-03-31 00:20:01] TEST: Valid registration tested
[2026-03-31 00:20:01] TEST: Login session tested
[2026-03-31 00:20:01] TEST: Logout tested
[2026-03-31 00:20:01] TEST: Cookies tested
[2026-03-31 00:20:02] TEST: Valid registration tested
[2026-03-31 00:20:02] TEST: Valid registration tested
[2026-03-31 00:20:02] TEST: Login session tested
[2026-03-31 00:20:02] TEST: Logout tested
[2026-03-31 00:20:02] TEST: Cookies tested
[2026-03-31 00:20:02] TEST: Valid registration tested
[2026-03-31 00:20:02] TEST: Valid registration tested
[2026-03-31 00:20:02] TEST: Login session tested
[2026-03-31 00:20:02] TEST: Logout tested
[2026-03-31 00:20:02] TEST: Cookies tested
[2026-03-31 00:20:02] TEST: Valid registration tested
[2026-03-31 00:20:02] TEST: Valid registration tested
[2026-03-31 00:20:02] TEST: Login session tested
[2026-03-31 00:20:02] TEST: Logout tested
[2026-03-31 00:20:02] TEST: Cookies tested
[2026-03-31 00:20:02] TEST: Valid registration tested
[2026-03-31 00:20:02] TEST: Valid registration tested
[2026-03-31 00:20:02] TEST: Login session tested
[2026-03-31 00:20:02] TEST: Logout tested
[2026-03-31 00:20:02] TEST: Cookies tested
[2026-03-31 00:20:03] TEST: Valid registration tested
[2026-03-31 00:20:03] TEST: Valid registration tested
[2026-03-31 00:20:03] TEST: Login session tested
[2026-03-31 00:20:03] TEST: Logout tested
[2026-03-31 00:20:03] TEST: Cookies tested
[2026-03-31 00:20:21] TEST: Valid registration tested
[2026-03-31 00:20:21] TEST: Valid registration tested
[2026-03-31 00:20:21] TEST: Login session tested
[2026-03-31 00:20:21] TEST: Logout tested
[2026-03-31 00:20:21] TEST: Cookies tested
[2026-03-31 00:20:34] TEST: Valid registration tested
[2026-03-31 00:20:34] TEST: Valid registration tested
[2026-03-31 00:20:34] TEST: Login session tested
[2026-03-31 00:20:34] TEST: Logout tested
[2026-03-31 00:20:34] TEST: Cookies tested
[2026-03-31 00:20:36] TEST: Valid registration tested
[2026-03-31 00:20:36] TEST: Valid registration tested
[2026-03-31 00:20:36] TEST: Login session tested
[2026-03-31 00:20:36] TEST: Logout tested
[2026-03-31 00:20:36] TEST: Cookies tested
[2026-03-31 00:20:57] TEST: Valid registration tested
[2026-03-31 00:20:57] TEST: Valid registration tested
[2026-03-31 00:20:57] TEST: Login session tested
[2026-03-31 00:20:57] TEST: Logout tested
[2026-03-31 00:20:57] TEST: Cookies tested
[2026-03-31 00:21:19] TEST: Valid registration tested
[2026-03-31 00:21:19] TEST: Valid registration tested
[2026-03-31 00:21:19] TEST: Login session tested
[2026-03-31 00:21:19] TEST: Logout tested
[2026-03-31 00:21:19] TEST: Cookies tested
[2026-03-31 00:21:22] TEST: Valid registration tested
[2026-03-31 00:21:22] TEST: Valid registration tested
[2026-03-31 00:21:22] TEST: Login session tested
[2026-03-31 00:21:22] TEST: Logout tested
[2026-03-31 00:21:22] TEST: Cookies tested
[2026-03-31 00:21:25] TEST: Valid registration tested
[2026-03-31 00:21:25] TEST: Valid registration tested
[2026-03-31 00:21:25] TEST: Login session tested
[2026-03-31 00:21:25] TEST: Logout tested
[2026-03-31 00:21:25] TEST: Cookies tested
[2026-03-31 00:22:49] TEST: Valid registration tested
[2026-03-31 00:22:49] TEST: Valid registration tested
[2026-03-31 00:22:49] TEST: Login session tested
[2026-03-31 00:22:49] TEST: Logout tested
[2026-03-31 00:22:49] TEST: Cookies tested
[2026-03-31 00:22:53] TEST: Valid registration tested
[2026-03-31 00:22:53] TEST: Valid registration tested
[2026-03-31 00:22:53] TEST: Login session tested
[2026-03-31 00:22:53] TEST: Logout tested
[2026-03-31 00:22:53] TEST: Cookies tested
[2026-03-31 00:22:54] TEST: Valid registration tested
[2026-03-31 00:22:54] TEST: Valid registration tested
[2026-03-31 00:22:54] TEST: Login session tested
[2026-03-31 00:22:54] TEST: Logout tested
[2026-03-31 00:22:54] TEST: Cookies tested
[2026-03-31 00:23:52] TEST: Valid registration tested
[2026-03-31 00:23:52] TEST: Valid registration tested
[2026-03-31 00:23:52] TEST: Login session tested
[2026-03-31 00:23:52] TEST: Logout tested
[2026-03-31 00:23:52] TEST: Cookies tested
[2026-03-31 00:23:55] TEST: Valid registration tested
[2026-03-31 00:23:55] TEST: Valid registration tested
[2026-03-31 00:23:55] TEST: Login session tested
[2026-03-31 00:23:55] TEST: Logout tested
[2026-03-31 00:23:55] TEST: Cookies tested
[2026-03-31 00:25:53] TEST: Valid registration tested
[2026-03-31 00:25:53] TEST: Valid registration tested
[2026-03-31 00:25:53] TEST: Login session tested
[2026-03-31 00:25:53] TEST: Logout tested
[2026-03-31 00:25:53] TEST: Cookies tested
[2026-03-31 00:25:53] TEST: Valid registration tested
[2026-03-31 00:25:53] TEST: Valid registration tested
[2026-03-31 00:25:53] TEST: Login session tested
[2026-03-31 00:25:53] TEST: Logout tested
[2026-03-31 00:25:53] TEST: Cookies tested
[2026-03-31 00:25:53] TEST: Valid registration tested
[2026-03-31 00:25:53] TEST: Valid registration tested
[2026-03-31 00:25:53] TEST: Login session tested
[2026-03-31 00:25:53] TEST: Logout tested
[2026-03-31 00:25:53] TEST: Cookies tested
[2026-03-31 00:25:53] TEST: Valid registration tested
[2026-03-31 00:25:53] TEST: Valid registration tested
[2026-03-31 00:25:53] TEST: Login session tested
[2026-03-31 00:25:53] TEST: Logout tested
[2026-03-31 00:25:53] TEST: Cookies tested
[2026-03-31 00:25:53] TEST: Valid registration tested
[2026-03-31 00:25:53] TEST: Valid registration tested
[2026-03-31 00:25:53] TEST: Login session tested
[2026-03-31 00:25:53] TEST: Logout tested
[2026-03-31 00:25:53] TEST: Cookies tested
[2026-03-31 00:25:53] TEST: Valid registration tested
[2026-03-31 00:25:53] TEST: Valid registration tested
[2026-03-31 00:25:53] TEST: Login session tested
[2026-03-31 00:25:53] TEST: Logout tested
[2026-03-31 00:25:53] TEST: Cookies tested
[2026-03-31 00:25:53] TEST: Valid registration tested
[2026-03-31 00:25:53] TEST: Valid registration tested
[2026-03-31 00:25:53] TEST: Login session tested
[2026-03-31 00:25:53] TEST: Logout tested
[2026-03-31 00:25:53] TEST: Cookies tested
[2026-03-31 00:25:53] TEST: Valid registration tested
[2026-03-31 00:25:53] TEST: Valid registration tested
[2026-03-31 00:25:53] TEST: Login session tested
[2026-03-31 00:25:53] TEST: Logout tested
[2026-03-31 00:25:53] TEST: Cookies tested
[2026-03-31 00:25:53] TEST: Valid registration tested
[2026-03-31 00:25:53] TEST: Valid registration tested
[2026-03-31 00:25:53] TEST: Login session tested
[2026-03-31 00:25:53] TEST: Logout tested
[2026-03-31 00:25:53] TEST: Cookies tested
[2026-03-31 00:25:53] TEST: Valid registration tested
[2026-03-31 00:25:53] TEST: Valid registration tested
[2026-03-31 00:25:53] TEST: Login session tested
[2026-03-31 00:25:53] TEST: Logout tested
[2026-03-31 00:25:53] TEST: Cookies tested
[2026-03-31 00:25:53] TEST: Valid registration tested
[2026-03-31 00:25:53] TEST: Valid registration tested
[2026-03-31 00:25:53] TEST: Login session tested
[2026-03-31 00:25:53] TEST: Logout tested
[2026-03-31 00:25:53] TEST: Cookies tested
[2026-03-31 00:25:53] TEST: Valid registration tested
[2026-03-31 00:25:53] TEST: Valid registration tested
[2026-03-31 00:25:53] TEST: Login session tested
[2026-03-31 00:25:53] TEST: Logout tested
[2026-03-31 00:25:53] TEST: Cookies tested
[2026-03-31 00:25:53] TEST: Valid registration tested
[2026-03-31 00:25:53] TEST: Valid registration tested
[2026-03-31 00:25:53] TEST: Login session tested
[2026-03-31 00:25:53] TEST: Logout tested
[2026-03-31 00:25:53] TEST: Cookies tested
[2026-03-31 00:25:53] TEST: Valid registration tested
[2026-03-31 00:25:53] TEST: Valid registration tested
[2026-03-31 00:25:53] TEST: Login session tested
[2026-03-31 00:25:53] TEST: Logout tested
[2026-03-31 00:25:53] TEST: Cookies tested
[2026-03-31 00:25:53] TEST: Valid registration tested
[2026-03-31 00:25:53] TEST: Valid registration tested
[2026-03-31 00:25:53] TEST: Login session tested
[2026-03-31 00:25:53] TEST: Logout tested
[2026-03-31 00:25:53] TEST: Cookies tested
[2026-03-31 00:25:53] TEST: Valid registration tested
[2026-03-31 00:25:53] TEST: Valid registration tested
[2026-03-31 00:25:53] TEST: Login session tested
[2026-03-31 00:25:53] TEST: Logout tested
[2026-03-31 00:25:53] TEST: Cookies tested
[2026-03-31 00:25:53] TEST: Valid registration tested
[2026-03-31 00:25:53] TEST: Valid registration tested
[2026-03-31 00:25:53] TEST: Login session tested
[2026-03-31 00:25:53] TEST: Logout tested
[2026-03-31 00:25:53] TEST: Cookies tested
[2026-03-31 00:25:53] TEST: Valid registration tested
[2026-03-31 00:25:53] TEST: Valid registration tested
[2026-03-31 00:25:53] TEST: Login session tested
[2026-03-31 00:25:53] TEST: Logout tested
[2026-03-31 00:25:53] TEST: Cookies tested
[2026-03-31 00:25:53] TEST: Valid registration tested
[2026-03-31 00:25:53] TEST: Valid registration tested
[2026-03-31 00:25:53] TEST: Login session tested
[2026-03-31 00:25:53] TEST: Logout tested
[2026-03-31 00:25:53] TEST: Cookies tested
[2026-03-31 00:25:53] TEST: Valid registration tested
[2026-03-31 00:25:53] TEST: Valid registration tested
[2026-03-31 00:25:53] TEST: Login session tested
[2026-03-31 00:25:53] TEST: Logout tested
[2026-03-31 00:25:53] TEST: Cookies tested
[2026-03-31 00:25:54] TEST: Valid registration tested
[2026-03-31 00:25:54] TEST: Valid registration tested
[2026-03-31 00:25:54] TEST: Login session tested
[2026-03-31 00:25:54] TEST: Logout tested
[2026-03-31 00:25:54] TEST: Cookies tested
[2026-03-31 00:25:54] TEST: Valid registration tested
[2026-03-31 00:25:54] TEST: Valid registration tested
[2026-03-31 00:25:54] TEST: Login session tested
[2026-03-31 00:25:54] TEST: Logout tested
[2026-03-31 00:25:54] TEST: Cookies tested
[2026-03-31 00:25:54] TEST: Valid registration tested
[2026-03-31 00:25:54] TEST: Valid registration tested
[2026-03-31 00:25:54] TEST: Login session tested
[2026-03-31 00:25:54] TEST: Logout tested
[2026-03-31 00:25:54] TEST: Cookies tested
[2026-03-31 00:25:54] TEST: Valid registration tested
[2026-03-31 00:25:54] TEST: Valid registration tested
[2026-03-31 00:25:54] TEST: Login session tested
[2026-03-31 00:25:54] TEST: Logout tested
[2026-03-31 00:25:54] TEST: Cookies tested
[2026-03-31 00:25:54] TEST: Valid registration tested
[2026-03-31 00:25:54] TEST: Valid registration tested
[2026-03-31 00:25:54] TEST: Login session tested
[2026-03-31 00:25:54] TEST: Logout tested
[2026-03-31 00:25:54] TEST: Cookies tested
[2026-03-31 00:25:54] TEST: Valid registration tested
[2026-03-31 00:25:54] TEST: Valid registration tested
[2026-03-31 00:25:54] TEST: Login session tested
[2026-03-31 00:25:54] TEST: Logout tested
[2026-03-31 00:25:54] TEST: Cookies tested
[2026-03-31 00:25:54] TEST: Valid registration tested
[2026-03-31 00:25:54] TEST: Valid registration tested
[2026-03-31 00:25:54] TEST: Login session tested
[2026-03-31 00:25:54] TEST: Logout tested
[2026-03-31 00:25:54] TEST: Cookies tested
[2026-03-31 00:25:54] TEST: Valid registration tested
[2026-03-31 00:25:54] TEST: Valid registration tested
[2026-03-31 00:25:54] TEST: Login session tested
[2026-03-31 00:25:54] TEST: Logout tested
[2026-03-31 00:25:54] TEST: Cookies tested
[2026-03-31 00:25:54] TEST: Valid registration tested
[2026-03-31 00:25:54] TEST: Valid registration tested
[2026-03-31 00:25:54] TEST: Login session tested
[2026-03-31 00:25:54] TEST: Logout tested
[2026-03-31 00:25:54] TEST: Cookies tested
[2026-03-31 00:25:54] TEST: Valid registration tested
[2026-03-31 00:25:54] TEST: Valid registration tested
[2026-03-31 00:25:54] TEST: Login session tested
[2026-03-31 00:25:54] TEST: Logout tested
[2026-03-31 00:25:54] TEST: Cookies tested
[2026-03-31 00:25:54] TEST: Valid registration tested
[2026-03-31 00:25:54] TEST: Valid registration tested
[2026-03-31 00:25:54] TEST: Login session tested
[2026-03-31 00:25:54] TEST: Logout tested
[2026-03-31 00:25:54] TEST: Cookies tested
[2026-03-31 00:25:54] TEST: Valid registration tested
[2026-03-31 00:25:54] TEST: Valid registration tested
[2026-03-31 00:25:54] TEST: Login session tested
[2026-03-31 00:25:54] TEST: Logout tested
[2026-03-31 00:25:54] TEST: Cookies tested
[2026-03-31 00:25:54] TEST: Valid registration tested
[2026-03-31 00:25:54] TEST: Valid registration tested
[2026-03-31 00:25:54] TEST: Login session tested
[2026-03-31 00:25:54] TEST: Logout tested
[2026-03-31 00:25:54] TEST: Cookies tested
[2026-03-31 00:25:54] TEST: Valid registration tested
[2026-03-31 00:25:54] TEST: Valid registration tested
[2026-03-31 00:25:54] TEST: Login session tested
[2026-03-31 00:25:54] TEST: Logout tested
[2026-03-31 00:25:54] TEST: Cookies tested
[2026-03-31 00:25:54] TEST: Valid registration tested
[2026-03-31 00:25:54] TEST: Valid registration tested
[2026-03-31 00:25:54] TEST: Login session tested
[2026-03-31 00:25:54] TEST: Logout tested
[2026-03-31 00:25:54] TEST: Cookies tested
[2026-03-31 00:25:54] TEST: Valid registration tested
[2026-03-31 00:25:54] TEST: Valid registration tested
[2026-03-31 00:25:54] TEST: Login session tested
[2026-03-31 00:25:54] TEST: Logout tested
[2026-03-31 00:25:54] TEST: Cookies tested
[2026-03-31 00:26:05] TEST: Valid registration tested
[2026-03-31 00:26:05] TEST: Valid registration tested
[2026-03-31 00:26:05] TEST: Login session tested
[2026-03-31 00:26:05] TEST: Logout tested
[2026-03-31 00:26:05] TEST: Cookies tested
[2026-03-31 00:26:15] TEST: Valid registration tested
[2026-03-31 00:26:15] TEST: Valid registration tested
[2026-03-31 00:26:15] TEST: Login session tested
[2026-03-31 00:26:15] TEST: Logout tested
[2026-03-31 00:26:15] TEST: Cookies tested
[2026-03-31 00:26:22] TEST: Valid registration tested
[2026-03-31 00:26:22] TEST: Valid registration tested
[2026-03-31 00:26:22] TEST: Login session tested
[2026-03-31 00:26:22] TEST: Logout tested
[2026-03-31 00:26:22] TEST: Cookies tested
[2026-03-31 00:26:24] TEST: Valid registration tested
[2026-03-31 00:26:24] TEST: Valid registration tested
[2026-03-31 00:26:24] TEST: Login session tested
[2026-03-31 00:26:24] TEST: Logout tested
[2026-03-31 00:26:24] TEST: Cookies tested
[2026-03-31 00:26:39] TEST: Valid registration tested
[2026-03-31 00:26:39] TEST: Valid registration tested
[2026-03-31 00:26:39] TEST: Login session tested
[2026-03-31 00:26:39] TEST: Logout tested
[2026-03-31 00:26:39] TEST: Cookies tested
[2026-03-31 00:26:40] TEST: Valid registration tested
[2026-03-31 00:26:40] TEST: Valid registration tested
[2026-03-31 00:26:40] TEST: Login session tested
[2026-03-31 00:26:40] TEST: Logout tested
[2026-03-31 00:26:40] TEST: Cookies tested
[2026-03-31 00:26:41] TEST: Valid registration tested
[2026-03-31 00:26:41] TEST: Valid registration tested
[2026-03-31 00:26:41] TEST: Login session tested
[2026-03-31 00:26:41] TEST: Logout tested
[2026-03-31 00:26:41] TEST: Cookies tested
[2026-03-31 00:26:41] TEST: Valid registration tested
[2026-03-31 00:26:41] TEST: Valid registration tested
[2026-03-31 00:26:41] TEST: Login session tested
[2026-03-31 00:26:41] TEST: Logout tested
[2026-03-31 00:26:41] TEST: Cookies tested
[2026-03-31 00:26:42] TEST: Valid registration tested
[2026-03-31 00:26:42] TEST: Valid registration tested
[2026-03-31 00:26:42] TEST: Login session tested
[2026-03-31 00:26:42] TEST: Logout tested
[2026-03-31 00:26:42] TEST: Cookies tested
[2026-03-31 00:26:42] TEST: Valid registration tested
[2026-03-31 00:26:42] TEST: Valid registration tested
[2026-03-31 00:26:42] TEST: Login session tested
[2026-03-31 00:26:42] TEST: Logout tested
[2026-03-31 00:26:42] TEST: Cookies tested
[2026-03-31 00:26:43] TEST: Valid registration tested
[2026-03-31 00:26:43] TEST: Valid registration tested
[2026-03-31 00:26:43] TEST: Login session tested
[2026-03-31 00:26:43] TEST: Logout tested
[2026-03-31 00:26:43] TEST: Cookies tested
[2026-03-31 00:26:44] TEST: Valid registration tested
[2026-03-31 00:26:44] TEST: Valid registration tested
[2026-03-31 00:26:44] TEST: Login session tested
[2026-03-31 00:26:44] TEST: Logout tested
[2026-03-31 00:26:44] TEST: Cookies tested
[2026-03-31 00:26:50] TEST: Valid registration tested
[2026-03-31 00:26:50] TEST: Valid registration tested
[2026-03-31 00:26:50] TEST: Login session tested
[2026-03-31 00:26:50] TEST: Logout tested
[2026-03-31 00:26:50] TEST: Cookies tested
[2026-03-31 00:26:50] TEST: Valid registration tested
[2026-03-31 00:26:50] TEST: Valid registration tested
[2026-03-31 00:26:50] TEST: Login session tested
[2026-03-31 00:26:50] TEST: Logout tested
[2026-03-31 00:26:50] TEST: Cookies tested
[2026-03-31 00:26:52] TEST: Valid registration tested
[2026-03-31 00:26:52] TEST: Valid registration tested
[2026-03-31 00:26:52] TEST: Login session tested
[2026-03-31 00:26:52] TEST: Logout tested
[2026-03-31 00:26:52] TEST: Cookies tested
[2026-03-31 00:26:53] TEST: Valid registration tested
[2026-03-31 00:26:53] TEST: Valid registration tested
[2026-03-31 00:26:53] TEST: Login session tested
[2026-03-31 00:26:53] TEST: Logout tested
[2026-03-31 00:26:53] TEST: Cookies tested
[2026-03-31 00:26:54] TEST: Valid registration tested
[2026-03-31 00:26:54] TEST: Valid registration tested
[2026-03-31 00:26:54] TEST: Login session tested
[2026-03-31 00:26:54] TEST: Logout tested
[2026-03-31 00:26:54] TEST: Cookies tested
[2026-03-31 00:26:55] TEST: Valid registration tested
[2026-03-31 00:26:55] TEST: Valid registration tested
[2026-03-31 00:26:55] TEST: Login session tested
[2026-03-31 00:26:55] TEST: Logout tested
[2026-03-31 00:26:55] TEST: Cookies tested
[2026-03-31 00:27:00] TEST: Valid registration tested
[2026-03-31 00:27:00] TEST: Valid registration tested
[2026-03-31 00:27:00] TEST: Login session tested
[2026-03-31 00:27:00] TEST: Logout tested
[2026-03-31 00:27:00] TEST: Cookies tested
[2026-03-31 00:27:00] TEST: Valid registration tested
[2026-03-31 00:27:00] TEST: Valid registration tested
[2026-03-31 00:27:00] TEST: Login session tested
[2026-03-31 00:27:00] TEST: Logout tested
[2026-03-31 00:27:00] TEST: Cookies tested
[2026-03-31 00:27:15] TEST: Valid registration tested
[2026-03-31 00:27:15] TEST: Valid registration tested
[2026-03-31 00:27:15] TEST: Login session tested
[2026-03-31 00:27:15] TEST: Logout tested
[2026-03-31 00:27:15] TEST: Cookies tested
[2026-03-31 00:27:15] TEST: Valid registration tested
[2026-03-31 00:27:15] TEST: Valid registration tested
[2026-03-31 00:27:15] TEST: Login session tested
[2026-03-31 00:27:15] TEST: Logout tested
[2026-03-31 00:27:15] TEST: Cookies tested
[2026-03-31 00:27:19] TEST: Valid registration tested
[2026-03-31 00:27:19] TEST: Valid registration tested
[2026-03-31 00:27:19] TEST: Login session tested
[2026-03-31 00:27:19] TEST: Logout tested
[2026-03-31 00:27:19] TEST: Cookies tested
[2026-03-31 00:27:19] TEST: Valid registration tested
[2026-03-31 00:27:19] TEST: Valid registration tested
[2026-03-31 00:27:19] TEST: Login session tested
[2026-03-31 00:27:19] TEST: Logout tested
[2026-03-31 00:27:19] TEST: Cookies tested
[2026-03-31 00:27:21] TEST: Valid registration tested
[2026-03-31 00:27:21] TEST: Valid registration tested
[2026-03-31 00:27:21] TEST: Login session tested
[2026-03-31 00:27:21] TEST: Logout tested
[2026-03-31 00:27:21] TEST: Cookies tested
[2026-03-31 00:27:34] TEST: Valid registration tested
[2026-03-31 00:27:34] TEST: Valid registration tested
[2026-03-31 00:27:34] TEST: Login session tested
[2026-03-31 00:27:34] TEST: Logout tested
[2026-03-31 00:27:34] TEST: Cookies tested
[2026-03-31 00:27:34] TEST: Valid registration tested
[2026-03-31 00:27:34] TEST: Valid registration tested
[2026-03-31 00:27:34] TEST: Login session tested
[2026-03-31 00:27:34] TEST: Logout tested
[2026-03-31 00:27:34] TEST: Cookies tested
[2026-03-31 00:27:51] TEST: Valid registration tested
[2026-03-31 00:27:51] TEST: Valid registration tested
[2026-03-31 00:27:51] TEST: Login session tested
[2026-03-31 00:27:51] TEST: Logout tested
[2026-03-31 00:27:51] TEST: Cookies tested
[2026-03-31 00:27:51] TEST: Valid registration tested
[2026-03-31 00:27:51] TEST: Valid registration tested
[2026-03-31 00:27:51] TEST: Login session tested
[2026-03-31 00:27:51] TEST: Logout tested
[2026-03-31 00:27:51] TEST: Cookies tested
[2026-03-31 00:27:53] TEST: Valid registration tested
[2026-03-31 00:27:53] TEST: Valid registration tested
[2026-03-31 00:27:53] TEST: Login session tested
[2026-03-31 00:27:53] TEST: Logout tested
[2026-03-31 00:27:53] TEST: Cookies tested
[2026-03-31 00:27:53] TEST: Valid registration tested
[2026-03-31 00:27:53] TEST: Valid registration tested
[2026-03-31 00:27:53] TEST: Login session tested
[2026-03-31 00:27:53] TEST: Logout tested
[2026-03-31 00:27:53] TEST: Cookies tested
[2026-03-31 00:27:55] TEST: Valid registration tested
[2026-03-31 00:27:55] TEST: Valid registration tested
[2026-03-31 00:27:55] TEST: Login session tested
[2026-03-31 00:27:55] TEST: Logout tested
[2026-03-31 00:27:55] TEST: Cookies tested
[2026-03-31 00:27:58] TEST: Valid registration tested
[2026-03-31 00:27:58] TEST: Valid registration tested
[2026-03-31 00:27:58] TEST: Login session tested
[2026-03-31 00:27:58] TEST: Logout tested
[2026-03-31 00:27:58] TEST: Cookies tested
[2026-03-31 00:27:58] TEST: Valid registration tested
[2026-03-31 00:27:58] TEST: Valid registration tested
[2026-03-31 00:27:58] TEST: Login session tested
[2026-03-31 00:27:58] TEST: Logout tested
[2026-03-31 00:27:58] TEST: Cookies tested
[2026-03-31 00:28:00] TEST: Valid registration tested
[2026-03-31 00:28:00] TEST: Valid registration tested
[2026-03-31 00:28:00] TEST: Login session tested
[2026-03-31 00:28:00] TEST: Logout tested
[2026-03-31 00:28:00] TEST: Cookies tested
[2026-03-31 00:28:00] TEST: Valid registration tested
[2026-03-31 00:28:00] TEST: Valid registration tested
[2026-03-31 00:28:00] TEST: Login session tested
[2026-03-31 00:28:00] TEST: Logout tested
[2026-03-31 00:28:00] TEST: Cookies tested
